{"C:\\XPE\\bootcampNode\\programas\\modulo4\\onGoing\\01-calcula-valor\\src\\calcula-valor.js": {"path":"C:\\XPE\\bootcampNode\\programas\\modulo4\\onGoing\\01-calcula-valor\\src\\calcula-valor.js","statementMap":{"0":{"start":{"line":2,"column":19},"end":{"line":2,"column":22}},"1":{"start":{"line":3,"column":22},"end":{"line":3,"column":80}},"2":{"start":{"line":4,"column":2},"end":{"line":4,"column":21}},"3":{"start":{"line":11,"column":17},"end":{"line":11,"column":54}},"4":{"start":{"line":12,"column":2},"end":{"line":12,"column":34}},"5":{"start":{"line":13,"column":2},"end":{"line":13,"column":18}},"6":{"start":{"line":18,"column":2},"end":{"line":21,"column":3}},"7":{"start":{"line":19,"column":22},"end":{"line":19,"column":26}},"8":{"start":{"line":20,"column":4},"end":{"line":20,"column":20}},"9":{"start":{"line":23,"column":24},"end":{"line":23,"column":61}},"10":{"start":{"line":24,"column":20},"end":{"line":24,"column":61}},"11":{"start":{"line":26,"column":23},"end":{"line":26,"column":56}},"12":{"start":{"line":26,"column":50},"end":{"line":26,"column":55}},"13":{"start":{"line":27,"column":18},"end":{"line":27,"column":55}},"14":{"start":{"line":28,"column":16},"end":{"line":28,"column":38}},"15":{"start":{"line":29,"column":10},"end":{"line":29,"column":50}},"16":{"start":{"line":31,"column":2},"end":{"line":36,"column":3}},"17":{"start":{"line":32,"column":4},"end":{"line":32,"column":45}},"18":{"start":{"line":33,"column":4},"end":{"line":33,"column":55}},"19":{"start":{"line":33,"column":48},"end":{"line":33,"column":53}},"20":{"start":{"line":34,"column":4},"end":{"line":34,"column":54}},"21":{"start":{"line":35,"column":4},"end":{"line":35,"column":15}},"22":{"start":{"line":38,"column":2},"end":{"line":38,"column":19}},"23":{"start":{"line":41,"column":0},"end":{"line":45,"column":2}}},"fnMap":{"0":{"name":"arredondar","decl":{"start":{"line":1,"column":9},"end":{"line":1,"column":19}},"loc":{"start":{"line":1,"column":27},"end":{"line":5,"column":1}},"line":1},"1":{"name":"calcularMontante","decl":{"start":{"line":7,"column":9},"end":{"line":7,"column":25}},"loc":{"start":{"line":7,"column":50},"end":{"line":14,"column":1}},"line":7},"2":{"name":"calcularPrestacoes","decl":{"start":{"line":16,"column":9},"end":{"line":16,"column":27}},"loc":{"start":{"line":16,"column":54},"end":{"line":39,"column":1}},"line":16},"3":{"name":"(anonymous_3)","decl":{"start":{"line":26,"column":40},"end":{"line":26,"column":41}},"loc":{"start":{"line":26,"column":50},"end":{"line":26,"column":55}},"line":26},"4":{"name":"(anonymous_4)","decl":{"start":{"line":33,"column":38},"end":{"line":33,"column":39}},"loc":{"start":{"line":33,"column":48},"end":{"line":33,"column":53}},"line":33}},"branchMap":{"0":{"loc":{"start":{"line":18,"column":2},"end":{"line":21,"column":3}},"type":"if","locations":[{"start":{"line":18,"column":2},"end":{"line":21,"column":3}},{"start":{},"end":{}}],"line":18},"1":{"loc":{"start":{"line":18,"column":6},"end":{"line":18,"column":57}},"type":"binary-expr","locations":[{"start":{"line":18,"column":6},"end":{"line":18,"column":40}},{"start":{"line":18,"column":44},"end":{"line":18,"column":57}}],"line":18},"2":{"loc":{"start":{"line":28,"column":16},"end":{"line":28,"column":38}},"type":"cond-expr","locations":[{"start":{"line":28,"column":32},"end":{"line":28,"column":33}},{"start":{"line":28,"column":36},"end":{"line":28,"column":38}}],"line":28},"3":{"loc":{"start":{"line":29,"column":10},"end":{"line":29,"column":50}},"type":"cond-expr","locations":[{"start":{"line":29,"column":26},"end":{"line":29,"column":27}},{"start":{"line":29,"column":30},"end":{"line":29,"column":50}}],"line":29}},"s":{"0":21,"1":21,"2":21,"3":2,"4":2,"5":2,"6":5,"7":0,"8":0,"9":5,"10":5,"11":4,"12":8,"13":4,"14":4,"15":4,"16":4,"17":3,"18":3,"19":12,"20":3,"21":3,"22":4,"23":1},"f":{"0":21,"1":2,"2":5,"3":8,"4":12},"b":{"0":[0,5],"1":[5,5],"2":[2,2],"3":[2,2]},"_coverageSchema":"1a1c01bbd47fc00a2c39e90264f33305004495a9","hash":"144feec071f01890140e13ef3ed1ffb6636d0e86"}
,"C:\\XPE\\bootcampNode\\programas\\modulo4\\onGoing\\01-calcula-valor\\test\\extensoes.js": {"path":"C:\\XPE\\bootcampNode\\programas\\modulo4\\onGoing\\01-calcula-valor\\test\\extensoes.js","statementMap":{"0":{"start":{"line":1,"column":21},"end":{"line":1,"column":52}},"1":{"start":{"line":3,"column":0},"end":{"line":32,"column":3}},"2":{"start":{"line":6,"column":21},"end":{"line":6,"column":75}},"3":{"start":{"line":6,"column":68},"end":{"line":6,"column":73}},"4":{"start":{"line":7,"column":19},"end":{"line":7,"column":61}},"5":{"start":{"line":9,"column":4},"end":{"line":12,"column":6}},"6":{"start":{"line":10,"column":21},"end":{"line":10,"column":66}},"7":{"start":{"line":16,"column":4},"end":{"line":24,"column":5}},"8":{"start":{"line":16,"column":17},"end":{"line":16,"column":18}},"9":{"start":{"line":17,"column":16},"end":{"line":17,"column":21}},"10":{"start":{"line":18,"column":6},"end":{"line":23,"column":7}},"11":{"start":{"line":19,"column":8},"end":{"line":22,"column":10}},"12":{"start":{"line":20,"column":25},"end":{"line":20,"column":66}},"13":{"start":{"line":26,"column":4},"end":{"line":29,"column":6}},"14":{"start":{"line":27,"column":21},"end":{"line":27,"column":62}}},"fnMap":{"0":{"name":"(anonymous_0)","decl":{"start":{"line":5,"column":2},"end":{"line":5,"column":3}},"loc":{"start":{"line":5,"column":39},"end":{"line":13,"column":3}},"line":5},"1":{"name":"(anonymous_1)","decl":{"start":{"line":6,"column":58},"end":{"line":6,"column":59}},"loc":{"start":{"line":6,"column":68},"end":{"line":6,"column":73}},"line":6},"2":{"name":"(anonymous_2)","decl":{"start":{"line":10,"column":15},"end":{"line":10,"column":16}},"loc":{"start":{"line":10,"column":21},"end":{"line":10,"column":66}},"line":10},"3":{"name":"(anonymous_3)","decl":{"start":{"line":15,"column":2},"end":{"line":15,"column":3}},"loc":{"start":{"line":15,"column":25},"end":{"line":30,"column":3}},"line":15},"4":{"name":"(anonymous_4)","decl":{"start":{"line":20,"column":19},"end":{"line":20,"column":20}},"loc":{"start":{"line":20,"column":25},"end":{"line":20,"column":66}},"line":20},"5":{"name":"(anonymous_5)","decl":{"start":{"line":27,"column":15},"end":{"line":27,"column":16}},"loc":{"start":{"line":27,"column":21},"end":{"line":27,"column":62}},"line":27}},"branchMap":{"0":{"loc":{"start":{"line":18,"column":6},"end":{"line":23,"column":7}},"type":"if","locations":[{"start":{"line":18,"column":6},"end":{"line":23,"column":7}},{"start":{},"end":{}}],"line":18}},"s":{"0":1,"1":1,"2":1,"3":2,"4":1,"5":1,"6":0,"7":1,"8":1,"9":2,"10":2,"11":0,"12":0,"13":1,"14":0},"f":{"0":1,"1":2,"2":0,"3":1,"4":0,"5":0},"b":{"0":[0,2]},"_coverageSchema":"1a1c01bbd47fc00a2c39e90264f33305004495a9","hash":"6a0f8e0b7ff33ecf6aec5a94ab9842b5c317cea2"}
}
