TN:
SF:src\calcula-valor.js
FN:1,arredondar
FN:7,calcularMontante
FN:16,calcularPrestacoes
FN:26,(anonymous_3)
FN:33,(anonymous_4)
FNF:5
FNH:5
FNDA:21,arredondar
FNDA:2,calcularMontante
FNDA:5,calcularPrestacoes
FNDA:8,(anonymous_3)
FNDA:12,(anonymous_4)
DA:2,21
DA:3,21
DA:4,21
DA:11,2
DA:12,2
DA:13,2
DA:18,5
DA:19,0
DA:20,0
DA:23,5
DA:24,5
DA:26,8
DA:27,4
DA:28,4
DA:29,4
DA:31,4
DA:32,3
DA:33,12
DA:34,3
DA:35,3
DA:38,4
DA:41,1
LF:22
LH:20
BRDA:18,0,0,0
BRDA:18,0,1,5
BRDA:18,1,0,5
BRDA:18,1,1,5
BRDA:28,2,0,2
BRDA:28,2,1,2
BRDA:29,3,0,2
BRDA:29,3,1,2
BRF:8
BRH:7
end_of_record
TN:
SF:test\extensoes.js
FN:5,(anonymous_0)
FN:6,(anonymous_1)
FN:10,(anonymous_2)
FN:15,(anonymous_3)
FN:20,(anonymous_4)
FN:27,(anonymous_5)
FNF:6
FNH:3
FNDA:1,(anonymous_0)
FNDA:2,(anonymous_1)
FNDA:0,(anonymous_2)
FNDA:1,(anonymous_3)
FNDA:0,(anonymous_4)
FNDA:0,(anonymous_5)
DA:1,1
DA:3,1
DA:6,2
DA:7,1
DA:9,1
DA:10,0
DA:16,1
DA:17,2
DA:18,2
DA:19,0
DA:20,0
DA:26,1
DA:27,0
LF:13
LH:9
BRDA:18,0,0,0
BRDA:18,0,1,2
BRF:2
BRH:1
end_of_record
